\BOOKMARK [1][-]{section.1}{\376\377\004\022\004\062\004\065\004\064\004\065\004\075\004\070\004\065}{}% 1
\BOOKMARK [1][-]{section.2}{\376\377\004\020\004\100\004\105\004\070\004\102\004\065\004\072\004\102\004\103\004\100\004\060\000\040\004\101\004\070\004\101\004\102\004\065\004\074\004\113}{}% 2
\BOOKMARK [2][-]{subsection.2.1}{\376\377\004\036\004\061\004\067\004\076\004\100\000\040\004\060\004\100\004\105\004\070\004\102\004\065\004\072\004\102\004\103\004\100\004\113}{section.2}% 3
\BOOKMARK [2][-]{subsection.2.2}{\376\377\004\041\004\073\004\076\004\071\000\040\004\101\004\061\004\076\004\100\004\060\000\040\004\070\000\040\004\076\004\061\004\100\004\060\004\061\004\076\004\102\004\072\004\070\000\040\004\064\004\060\004\075\004\075\004\113\004\105}{section.2}% 4
\BOOKMARK [3][-]{subsubsection.2.2.1}{\376\377\004\020\004\075\004\060\004\073\004\070\004\067\000\040\004\075\004\076\004\062\004\076\004\101\004\102\004\065\004\071\000\040\004\070\000\040\004\075\004\060\004\101\004\102\004\100\004\076\004\065\004\075\004\070\004\071}{subsection.2.2}% 5
\BOOKMARK [3][-]{subsubsection.2.2.2}{\376\377\004\040\004\113\004\075\004\076\004\107\004\075\004\113\004\065\000\040\004\064\004\060\004\075\004\075\004\113\004\065}{subsection.2.2}% 6
\BOOKMARK [3][-]{subsubsection.2.2.3}{\376\377\004\020\004\073\004\114\004\102\004\065\004\100\004\075\004\060\004\102\004\070\004\062\004\075\004\113\004\065\000\040\004\070\004\101\004\102\004\076\004\107\004\075\004\070\004\072\004\070\000\040\004\064\004\060\004\075\004\075\004\113\004\105}{subsection.2.2}% 7
\BOOKMARK [2][-]{subsection.2.3}{\376\377\004\057\004\064\004\100\004\076\000\040\004\074\004\060\004\110\004\070\004\075\004\075\004\076\004\063\004\076\000\040\004\076\004\061\004\103\004\107\004\065\004\075\004\070\004\117}{section.2}% 8
\BOOKMARK [3][-]{subsubsection.2.3.1}{\376\377\000R\000e\000i\000n\000f\000o\000r\000c\000e\000m\000e\000n\000t\000\040\000L\000e\000a\000r\000n\000i\000n\000g\000\040\000A\000g\000e\000n\000t}{subsection.2.3}% 9
\BOOKMARK [3][-]{subsubsection.2.3.2}{\376\377\004\023\004\065\004\075\004\065\004\100\004\060\004\106\004\070\004\117\000\040\004\077\004\100\004\070\004\067\004\075\004\060\004\072\004\076\004\062}{subsection.2.3}% 10
\BOOKMARK [2][-]{subsection.2.4}{\376\377\004\043\004\077\004\100\004\060\004\062\004\073\004\065\004\075\004\070\004\065\000\040\004\101\004\102\004\100\004\060\004\102\004\065\004\063\004\070\004\117\004\074\004\070\000\040\004\070\000\040\004\100\004\070\004\101\004\072\004\060\004\074\004\070}{section.2}% 11
\BOOKMARK [3][-]{subsubsection.2.4.1}{\376\377\004\041\004\102\004\100\004\060\004\102\004\065\004\063\004\070\004\107\004\065\004\101\004\072\004\070\004\071\000\040\004\076\004\100\004\072\004\065\004\101\004\102\004\100\004\060\004\102\004\076\004\100}{subsection.2.4}% 12
\BOOKMARK [3][-]{subsubsection.2.4.2}{\376\377\004\043\004\077\004\100\004\060\004\062\004\073\004\065\004\075\004\070\004\065\000\040\004\100\004\070\004\101\004\072\004\060\004\074\004\070}{subsection.2.4}% 13
\BOOKMARK [2][-]{subsection.2.5}{\376\377\004\041\004\073\004\076\004\071\000\040\004\070\004\101\004\077\004\076\004\073\004\075\004\065\004\075\004\070\004\117\000\040\004\101\004\064\004\065\004\073\004\076\004\072}{section.2}% 14
\BOOKMARK [3][-]{subsubsection.2.5.1}{\376\377\004\030\004\075\004\102\004\065\004\063\004\100\004\060\004\106\004\070\004\117\000\040\004\101\000\040\000C\000a\000p\000i\000t\000a\000l\000.\000c\000o\000m\000\040\000A\000P\000I}{subsection.2.5}% 15
\BOOKMARK [3][-]{subsubsection.2.5.2}{\376\377\004\041\004\070\004\101\004\102\004\065\004\074\004\060\000\040\004\103\004\077\004\100\004\060\004\062\004\073\004\065\004\075\004\070\004\117\000\040\004\076\004\100\004\064\004\065\004\100\004\060\004\074\004\070}{subsection.2.5}% 16
\BOOKMARK [2][-]{subsection.2.6}{\376\377\004\042\004\065\004\101\004\102\004\070\004\100\004\076\004\062\004\060\004\075\004\070\004\065\000\040\004\070\000\040\004\062\004\060\004\073\004\070\004\064\004\060\004\106\004\070\004\117}{section.2}% 17
\BOOKMARK [3][-]{subsubsection.2.6.1}{\376\377\000B\000a\000c\000k\000t\000e\000s\000t\000i\000n\000g\000\040\000E\000n\000g\000i\000n\000e}{subsection.2.6}% 18
\BOOKMARK [3][-]{subsubsection.2.6.2}{\376\377\004\032\004\073\004\116\004\107\004\065\004\062\004\113\004\065\000\040\004\074\004\065\004\102\004\100\004\070\004\072\004\070\000\040\004\077\004\100\004\076\004\070\004\067\004\062\004\076\004\064\004\070\004\102\004\065\004\073\004\114\004\075\004\076\004\101\004\102\004\070}{subsection.2.6}% 19
\BOOKMARK [2][-]{subsection.2.7}{\376\377\004\030\004\075\004\104\004\100\004\060\004\101\004\102\004\100\004\103\004\072\004\102\004\103\004\100\004\075\004\113\004\071\000\040\004\101\004\073\004\076\004\071}{section.2}% 20
\BOOKMARK [3][-]{subsubsection.2.7.1}{\376\377\004\036\004\061\004\073\004\060\004\107\004\075\004\060\004\117\000\040\004\060\004\100\004\105\004\070\004\102\004\065\004\072\004\102\004\103\004\100\004\060}{subsection.2.7}% 21
\BOOKMARK [3][-]{subsubsection.2.7.2}{\376\377\004\041\004\070\004\101\004\102\004\065\004\074\004\060\000\040\004\074\004\076\004\075\004\070\004\102\004\076\004\100\004\070\004\075\004\063\004\060}{subsection.2.7}% 22
\BOOKMARK [1][-]{section.3}{\376\377\004\034\004\060\004\102\004\065\004\074\004\060\004\102\004\070\004\107\004\065\004\101\004\072\004\070\004\065\000\040\004\074\004\076\004\064\004\065\004\073\004\070\000\040\004\070\000\040\004\060\004\073\004\063\004\076\004\100\004\070\004\102\004\074\004\113}{}% 23
\BOOKMARK [2][-]{subsection.3.1}{\376\377\004\036\004\077\004\102\004\070\004\074\004\070\004\067\004\060\004\106\004\070\004\117\000\040\004\077\004\076\004\100\004\102\004\104\004\065\004\073\004\117}{section.3}% 24
\BOOKMARK [3][-]{subsubsection.3.1.1}{\376\377\004\034\004\076\004\064\004\065\004\073\004\114\000\040\004\034\004\060\004\100\004\072\004\076\004\062\004\070\004\106\004\060}{subsection.3.1}% 25
\BOOKMARK [3][-]{subsubsection.3.1.2}{\376\377\000B\000l\000a\000c\000k\000-\000L\000i\000t\000t\000e\000r\000m\000a\000n\000\040\000M\000o\000d\000e\000l}{subsection.3.1}% 26
\BOOKMARK [2][-]{subsection.3.2}{\376\377\004\034\004\076\004\064\004\065\004\073\004\070\000\040\004\062\004\076\004\073\004\060\004\102\004\070\004\073\004\114\004\075\004\076\004\101\004\102\004\070}{section.3}% 27
\BOOKMARK [3][-]{subsubsection.3.2.1}{\376\377\000G\000A\000R\000C\000H\000\050\0001\000,\0001\000\051}{subsection.3.2}% 28
\BOOKMARK [3][-]{subsubsection.3.2.2}{\376\377\004\041\004\102\004\076\004\105\004\060\004\101\004\102\004\070\004\107\004\065\004\101\004\072\004\060\004\117\000\040\004\062\004\076\004\073\004\060\004\102\004\070\004\073\004\114\004\075\004\076\004\101\004\102\004\114\000\040\000\050\000H\000e\000s\000t\000o\000n\000\051}{subsection.3.2}% 29
\BOOKMARK [1][-]{section.4}{\376\377\004\032\004\076\004\075\004\072\004\103\004\100\004\065\004\075\004\102\004\075\004\113\004\065\000\040\004\077\004\100\004\065\004\070\004\074\004\103\004\111\004\065\004\101\004\102\004\062\004\060}{}% 30
\BOOKMARK [2][-]{subsection.4.1}{\376\377\004\041\004\072\004\076\004\100\004\076\004\101\004\102\004\114\000\040\004\070\000\040\004\060\004\062\004\102\004\076\004\074\004\060\004\102\004\070\004\067\004\060\004\106\004\070\004\117}{section.4}% 31
\BOOKMARK [2][-]{subsection.4.2}{\376\377\004\030\004\101\004\072\004\103\004\101\004\101\004\102\004\062\004\065\004\075\004\075\004\113\004\071\000\040\004\070\004\075\004\102\004\065\004\073\004\073\004\065\004\072\004\102}{section.4}% 32
\BOOKMARK [2][-]{subsection.4.3}{\376\377\004\055\004\072\004\076\004\075\004\076\004\074\004\070\004\107\004\065\004\101\004\072\004\060\004\117\000\040\004\115\004\104\004\104\004\065\004\072\004\102\004\070\004\062\004\075\004\076\004\101\004\102\004\114}{section.4}% 33
\BOOKMARK [1][-]{section.5}{\376\377\004\040\004\065\004\060\004\073\004\070\004\067\004\060\004\106\004\070\004\117\000\040\004\070\000\040\004\100\004\060\004\067\004\062\004\065\004\100\004\102\004\113\004\062\004\060\004\075\004\070\004\065}{}% 34
\BOOKMARK [2][-]{subsection.5.1}{\376\377\004\055\004\102\004\060\004\077\004\113\000\040\004\100\004\060\004\067\004\100\004\060\004\061\004\076\004\102\004\072\004\070}{section.5}% 35
\BOOKMARK [2][-]{subsection.5.2}{\376\377\004\042\004\065\004\105\004\075\004\076\004\073\004\076\004\063\004\070\004\107\004\065\004\101\004\072\004\070\004\071\000\040\004\101\004\102\004\065\004\072}{section.5}% 36
\BOOKMARK [1][-]{section.6}{\376\377\004\040\004\070\004\101\004\072\004\070\000\040\004\070\000\040\004\076\004\063\004\100\004\060\004\075\004\070\004\107\004\065\004\075\004\070\004\117}{}% 37
\BOOKMARK [2][-]{subsection.6.1}{\376\377\004\042\004\065\004\105\004\075\004\070\004\107\004\065\004\101\004\072\004\070\004\065\000\040\004\100\004\070\004\101\004\072\004\070}{section.6}% 38
\BOOKMARK [2][-]{subsection.6.2}{\376\377\004\040\004\113\004\075\004\076\004\107\004\075\004\113\004\065\000\040\004\100\004\070\004\101\004\072\004\070}{section.6}% 39
\BOOKMARK [2][-]{subsection.6.3}{\376\377\004\036\004\077\004\065\004\100\004\060\004\106\004\070\004\076\004\075\004\075\004\113\004\065\000\040\004\100\004\070\004\101\004\072\004\070}{section.6}% 40
\BOOKMARK [1][-]{section.7}{\376\377\004\027\004\060\004\072\004\073\004\116\004\107\004\065\004\075\004\070\004\065}{}% 41
\BOOKMARK [1][-]{section.8}{\376\377\004\040\004\060\004\101\004\077\004\100\004\065\004\064\004\065\004\073\004\065\004\075\004\070\004\065\000\040\004\076\004\061\004\117\004\067\004\060\004\075\004\075\004\076\004\101\004\102\004\065\004\071\000\040\004\072\004\076\004\074\004\060\004\075\004\064\004\113}{}% 42
\BOOKMARK [2][-]{subsection.8.1}{\376\377\004\040\004\060\004\067\004\100\004\060\004\061\004\076\004\102\004\107\004\070\004\072\000\040\0001\000:\000\040\000A\000I\000/\000M\000L\000\040\000E\000n\000g\000i\000n\000e\000e\000r}{section.8}% 43
\BOOKMARK [2][-]{subsection.8.2}{\376\377\004\040\004\060\004\067\004\100\004\060\004\061\004\076\004\102\004\107\004\070\004\072\000\040\0002\000:\000\040\000B\000a\000c\000k\000e\000n\000d\000/\000I\000n\000f\000r\000a\000s\000t\000r\000u\000c\000t\000u\000r\000e\000\040\000E\000n\000g\000i\000n\000e\000e\000r}{section.8}% 44
\BOOKMARK [2][-]{subsection.8.3}{\376\377\004\040\004\060\004\067\004\100\004\060\004\061\004\076\004\102\004\107\004\070\004\072\000\040\0003\000:\000\040\000C\000o\000m\000p\000u\000t\000e\000r\000\040\000V\000i\000s\000i\000o\000n\000/\000D\000a\000t\000a\000\040\000E\000n\000g\000i\000n\000e\000e\000r}{section.8}% 45
\BOOKMARK [1][-]{appendix.A}{\376\377\004\037\004\100\004\070\004\073\004\076\004\066\004\065\004\075\004\070\004\065\000\040\000A\000:\000\040\004\037\004\100\004\070\004\074\004\065\004\100\004\113\000\040\004\072\004\076\004\075\004\104\004\070\004\063\004\103\004\100\004\060\004\106\004\070\004\071}{}% 46
\BOOKMARK [1][-]{appendix.B}{\376\377\004\037\004\100\004\070\004\073\004\076\004\066\004\065\004\075\004\070\004\065\000\040\000B\000:\000\040\000A\000P\000I\000\040\004\041\004\077\004\065\004\106\004\070\004\104\004\070\004\072\004\060\004\106\004\070\004\117}{}% 47
\BOOKMARK [1][-]{appendix.C}{\376\377\004\037\004\100\004\070\004\073\004\076\004\066\004\065\004\075\004\070\004\065\000\040\000C\000:\000\040\004\040\004\060\004\067\004\062\004\065\004\100\004\102\004\113\004\062\004\060\004\075\004\070\004\065}{}% 48
